{"C:\\Users\\Пользователь\\Desktop\\personal-library\\server\\jest-unit\\src\\addAuthor\\addAuthor.js": {"path":"C:\\Users\\Пользователь\\Desktop\\personal-library\\server\\jest-unit\\src\\addAuthor\\addAuthor.js","statementMap":{"0":{"start":{"line":1,"column":18},"end":{"line":15,"column":1}},"1":{"start":{"line":2,"column":2},"end":{"line":14,"column":5}},"2":{"start":{"line":3,"column":4},"end":{"line":13,"column":6}},"3":{"start":{"line":7,"column":8},"end":{"line":11,"column":9}},"4":{"start":{"line":8,"column":10},"end":{"line":8,"column":24}},"5":{"start":{"line":10,"column":10},"end":{"line":10,"column":45}},"6":{"start":{"line":17,"column":0},"end":{"line":17,"column":29}}},"fnMap":{"0":{"name":"(anonymous_0)","decl":{"start":{"line":1,"column":18},"end":{"line":1,"column":19}},"loc":{"start":{"line":1,"column":71},"end":{"line":15,"column":1}},"line":1},"1":{"name":"(anonymous_1)","decl":{"start":{"line":2,"column":21},"end":{"line":2,"column":22}},"loc":{"start":{"line":2,"column":42},"end":{"line":14,"column":3}},"line":2},"2":{"name":"(anonymous_2)","decl":{"start":{"line":6,"column":6},"end":{"line":6,"column":7}},"loc":{"start":{"line":6,"column":25},"end":{"line":12,"column":7}},"line":6}},"branchMap":{"0":{"loc":{"start":{"line":7,"column":8},"end":{"line":11,"column":9}},"type":"if","locations":[{"start":{"line":7,"column":8},"end":{"line":11,"column":9}},{"start":{"line":9,"column":15},"end":{"line":11,"column":9}}],"line":7}},"s":{"0":1,"1":6,"2":6,"3":6,"4":0,"5":6,"6":1},"f":{"0":6,"1":6,"2":6},"b":{"0":[0,6]},"_coverageSchema":"1a1c01bbd47fc00a2c39e90264f33305004495a9","hash":"bc82defd2b4f3fb2de86b9543b71987721274e40"}
,"C:\\Users\\Пользователь\\Desktop\\personal-library\\server\\jest-unit\\src\\deleteAuthor\\deleteAuthor.js": {"path":"C:\\Users\\Пользователь\\Desktop\\personal-library\\server\\jest-unit\\src\\deleteAuthor\\deleteAuthor.js","statementMap":{"0":{"start":{"line":1,"column":21},"end":{"line":15,"column":3}},"1":{"start":{"line":2,"column":4},"end":{"line":14,"column":7}},"2":{"start":{"line":3,"column":6},"end":{"line":13,"column":8}},"3":{"start":{"line":7,"column":10},"end":{"line":11,"column":11}},"4":{"start":{"line":8,"column":12},"end":{"line":8,"column":26}},"5":{"start":{"line":10,"column":12},"end":{"line":10,"column":45}},"6":{"start":{"line":17,"column":2},"end":{"line":17,"column":32}}},"fnMap":{"0":{"name":"(anonymous_0)","decl":{"start":{"line":1,"column":21},"end":{"line":1,"column":22}},"loc":{"start":{"line":1,"column":36},"end":{"line":15,"column":3}},"line":1},"1":{"name":"(anonymous_1)","decl":{"start":{"line":2,"column":23},"end":{"line":2,"column":24}},"loc":{"start":{"line":2,"column":44},"end":{"line":14,"column":5}},"line":2},"2":{"name":"(anonymous_2)","decl":{"start":{"line":6,"column":8},"end":{"line":6,"column":9}},"loc":{"start":{"line":6,"column":27},"end":{"line":12,"column":9}},"line":6}},"branchMap":{"0":{"loc":{"start":{"line":7,"column":10},"end":{"line":11,"column":11}},"type":"if","locations":[{"start":{"line":7,"column":10},"end":{"line":11,"column":11}},{"start":{"line":9,"column":17},"end":{"line":11,"column":11}}],"line":7}},"s":{"0":1,"1":3,"2":3,"3":3,"4":2,"5":1,"6":1},"f":{"0":3,"1":3,"2":3},"b":{"0":[2,1]},"_coverageSchema":"1a1c01bbd47fc00a2c39e90264f33305004495a9","hash":"e51ddec271b9730f8feebc8ed9c5010445af4705"}
,"C:\\Users\\Пользователь\\Desktop\\personal-library\\server\\jest-unit\\src\\findBooksByPubYear\\findBooksByPubYear.js": {"path":"C:\\Users\\Пользователь\\Desktop\\personal-library\\server\\jest-unit\\src\\findBooksByPubYear\\findBooksByPubYear.js","statementMap":{"0":{"start":{"line":1,"column":27},"end":{"line":24,"column":1}},"1":{"start":{"line":2,"column":4},"end":{"line":23,"column":7}},"2":{"start":{"line":3,"column":8},"end":{"line":22,"column":14}},"3":{"start":{"line":17,"column":16},"end":{"line":21,"column":17}},"4":{"start":{"line":18,"column":20},"end":{"line":18,"column":34}},"5":{"start":{"line":20,"column":20},"end":{"line":20,"column":41}},"6":{"start":{"line":26,"column":0},"end":{"line":26,"column":36}}},"fnMap":{"0":{"name":"(anonymous_0)","decl":{"start":{"line":1,"column":27},"end":{"line":1,"column":28}},"loc":{"start":{"line":1,"column":47},"end":{"line":24,"column":1}},"line":1},"1":{"name":"(anonymous_1)","decl":{"start":{"line":2,"column":23},"end":{"line":2,"column":24}},"loc":{"start":{"line":2,"column":44},"end":{"line":23,"column":5}},"line":2},"2":{"name":"(anonymous_2)","decl":{"start":{"line":16,"column":12},"end":{"line":16,"column":13}},"loc":{"start":{"line":16,"column":31},"end":{"line":22,"column":13}},"line":16}},"branchMap":{"0":{"loc":{"start":{"line":17,"column":16},"end":{"line":21,"column":17}},"type":"if","locations":[{"start":{"line":17,"column":16},"end":{"line":21,"column":17}},{"start":{"line":19,"column":23},"end":{"line":21,"column":17}}],"line":17}},"s":{"0":1,"1":2,"2":2,"3":2,"4":1,"5":1,"6":1},"f":{"0":2,"1":2,"2":2},"b":{"0":[1,1]},"_coverageSchema":"1a1c01bbd47fc00a2c39e90264f33305004495a9","hash":"a4256c1498f867dc072aec15ef7a6387e7436827"}
,"C:\\Users\\Пользователь\\Desktop\\personal-library\\server\\jest-unit\\src\\findBooksByTitle\\findBooksByTitle.js": {"path":"C:\\Users\\Пользователь\\Desktop\\personal-library\\server\\jest-unit\\src\\findBooksByTitle\\findBooksByTitle.js","statementMap":{"0":{"start":{"line":1,"column":25},"end":{"line":27,"column":3}},"1":{"start":{"line":2,"column":4},"end":{"line":26,"column":7}},"2":{"start":{"line":3,"column":6},"end":{"line":25,"column":8}},"3":{"start":{"line":19,"column":10},"end":{"line":23,"column":11}},"4":{"start":{"line":20,"column":12},"end":{"line":20,"column":26}},"5":{"start":{"line":22,"column":12},"end":{"line":22,"column":33}},"6":{"start":{"line":29,"column":2},"end":{"line":29,"column":36}}},"fnMap":{"0":{"name":"(anonymous_0)","decl":{"start":{"line":1,"column":25},"end":{"line":1,"column":26}},"loc":{"start":{"line":1,"column":43},"end":{"line":27,"column":3}},"line":1},"1":{"name":"(anonymous_1)","decl":{"start":{"line":2,"column":23},"end":{"line":2,"column":24}},"loc":{"start":{"line":2,"column":44},"end":{"line":26,"column":5}},"line":2},"2":{"name":"(anonymous_2)","decl":{"start":{"line":18,"column":8},"end":{"line":18,"column":9}},"loc":{"start":{"line":18,"column":27},"end":{"line":24,"column":9}},"line":18}},"branchMap":{"0":{"loc":{"start":{"line":19,"column":10},"end":{"line":23,"column":11}},"type":"if","locations":[{"start":{"line":19,"column":10},"end":{"line":23,"column":11}},{"start":{"line":21,"column":17},"end":{"line":23,"column":11}}],"line":19}},"s":{"0":1,"1":3,"2":3,"3":3,"4":1,"5":2,"6":1},"f":{"0":3,"1":3,"2":3},"b":{"0":[1,2]},"_coverageSchema":"1a1c01bbd47fc00a2c39e90264f33305004495a9","hash":"0707b260858a1ff32d0dc4310f1b063ade0a150e"}
,"C:\\Users\\Пользователь\\Desktop\\personal-library\\server\\jest-unit\\src\\findByDate\\findByDate.js": {"path":"C:\\Users\\Пользователь\\Desktop\\personal-library\\server\\jest-unit\\src\\findByDate\\findByDate.js","statementMap":{"0":{"start":{"line":1,"column":19},"end":{"line":22,"column":1}},"1":{"start":{"line":2,"column":2},"end":{"line":21,"column":5}},"2":{"start":{"line":3,"column":4},"end":{"line":20,"column":6}},"3":{"start":{"line":14,"column":8},"end":{"line":18,"column":9}},"4":{"start":{"line":15,"column":10},"end":{"line":15,"column":24}},"5":{"start":{"line":17,"column":10},"end":{"line":17,"column":31}},"6":{"start":{"line":24,"column":0},"end":{"line":24,"column":28}}},"fnMap":{"0":{"name":"(anonymous_0)","decl":{"start":{"line":1,"column":19},"end":{"line":1,"column":20}},"loc":{"start":{"line":1,"column":36},"end":{"line":22,"column":1}},"line":1},"1":{"name":"(anonymous_1)","decl":{"start":{"line":2,"column":21},"end":{"line":2,"column":22}},"loc":{"start":{"line":2,"column":42},"end":{"line":21,"column":3}},"line":2},"2":{"name":"(anonymous_2)","decl":{"start":{"line":13,"column":6},"end":{"line":13,"column":7}},"loc":{"start":{"line":13,"column":25},"end":{"line":19,"column":7}},"line":13}},"branchMap":{"0":{"loc":{"start":{"line":14,"column":8},"end":{"line":18,"column":9}},"type":"if","locations":[{"start":{"line":14,"column":8},"end":{"line":18,"column":9}},{"start":{"line":16,"column":15},"end":{"line":18,"column":9}}],"line":14}},"s":{"0":1,"1":7,"2":7,"3":7,"4":3,"5":4,"6":1},"f":{"0":7,"1":7,"2":7},"b":{"0":[3,4]},"_coverageSchema":"1a1c01bbd47fc00a2c39e90264f33305004495a9","hash":"ef2c13b2575c2b8d2288e9b53876683d896de30d"}
,"C:\\Users\\Пользователь\\Desktop\\personal-library\\server\\jest-unit\\src\\updateAuthor\\updateAuthor.js": {"path":"C:\\Users\\Пользователь\\Desktop\\personal-library\\server\\jest-unit\\src\\updateAuthor\\updateAuthor.js","statementMap":{"0":{"start":{"line":1,"column":21},"end":{"line":15,"column":3}},"1":{"start":{"line":2,"column":4},"end":{"line":14,"column":7}},"2":{"start":{"line":3,"column":6},"end":{"line":13,"column":8}},"3":{"start":{"line":7,"column":10},"end":{"line":11,"column":11}},"4":{"start":{"line":8,"column":12},"end":{"line":8,"column":26}},"5":{"start":{"line":10,"column":12},"end":{"line":10,"column":47}},"6":{"start":{"line":17,"column":2},"end":{"line":17,"column":32}}},"fnMap":{"0":{"name":"(anonymous_0)","decl":{"start":{"line":1,"column":21},"end":{"line":1,"column":22}},"loc":{"start":{"line":1,"column":80},"end":{"line":15,"column":3}},"line":1},"1":{"name":"(anonymous_1)","decl":{"start":{"line":2,"column":23},"end":{"line":2,"column":24}},"loc":{"start":{"line":2,"column":44},"end":{"line":14,"column":5}},"line":2},"2":{"name":"(anonymous_2)","decl":{"start":{"line":6,"column":8},"end":{"line":6,"column":9}},"loc":{"start":{"line":6,"column":27},"end":{"line":12,"column":9}},"line":6}},"branchMap":{"0":{"loc":{"start":{"line":7,"column":10},"end":{"line":11,"column":11}},"type":"if","locations":[{"start":{"line":7,"column":10},"end":{"line":11,"column":11}},{"start":{"line":9,"column":17},"end":{"line":11,"column":11}}],"line":7}},"s":{"0":1,"1":4,"2":4,"3":4,"4":0,"5":4,"6":1},"f":{"0":4,"1":4,"2":4},"b":{"0":[0,4]},"_coverageSchema":"1a1c01bbd47fc00a2c39e90264f33305004495a9","hash":"4b8fbd1b9767416f04c1e92c94344bb97fb02dc0"}
,"C:\\Users\\Пользователь\\Desktop\\personal-library\\server\\jest-unit\\src\\updateDocument\\updateDocument.js": {"path":"C:\\Users\\Пользователь\\Desktop\\personal-library\\server\\jest-unit\\src\\updateDocument\\updateDocument.js","statementMap":{"0":{"start":{"line":1,"column":23},"end":{"line":15,"column":3}},"1":{"start":{"line":2,"column":4},"end":{"line":14,"column":7}},"2":{"start":{"line":3,"column":6},"end":{"line":13,"column":8}},"3":{"start":{"line":7,"column":10},"end":{"line":11,"column":11}},"4":{"start":{"line":8,"column":12},"end":{"line":8,"column":26}},"5":{"start":{"line":10,"column":12},"end":{"line":10,"column":50}},"6":{"start":{"line":17,"column":2},"end":{"line":17,"column":34}}},"fnMap":{"0":{"name":"(anonymous_0)","decl":{"start":{"line":1,"column":23},"end":{"line":1,"column":24}},"loc":{"start":{"line":1,"column":99},"end":{"line":15,"column":3}},"line":1},"1":{"name":"(anonymous_1)","decl":{"start":{"line":2,"column":23},"end":{"line":2,"column":24}},"loc":{"start":{"line":2,"column":44},"end":{"line":14,"column":5}},"line":2},"2":{"name":"(anonymous_2)","decl":{"start":{"line":6,"column":8},"end":{"line":6,"column":9}},"loc":{"start":{"line":6,"column":27},"end":{"line":12,"column":9}},"line":6}},"branchMap":{"0":{"loc":{"start":{"line":7,"column":10},"end":{"line":11,"column":11}},"type":"if","locations":[{"start":{"line":7,"column":10},"end":{"line":11,"column":11}},{"start":{"line":9,"column":17},"end":{"line":11,"column":11}}],"line":7}},"s":{"0":1,"1":5,"2":5,"3":5,"4":0,"5":5,"6":1},"f":{"0":5,"1":5,"2":5},"b":{"0":[0,5]},"_coverageSchema":"1a1c01bbd47fc00a2c39e90264f33305004495a9","hash":"a86ba8fa787b5714a78841555af6a891cdffbc83"}
}
